2023-06-26 16:08:26,934 - elsapy.elsentity - INFO - Module loaded.
2023-06-26 16:08:26,935 - elsapy.elsdoc - INFO - Module loaded.
2023-06-26 16:08:26,938 - elsapy.elsclient - INFO - Module loaded.
2023-06-26 16:08:28,615 - elsapy.elsclient - INFO - Sending GET request to https://api.elsevier.com/content/abstract/doi/10.1016/j.chempr.2019.04.021
2023-06-26 16:08:29,121 - elsapy.elsentity - INFO - Data loaded for https://api.elsevier.com/content/abstract/doi/10.1016/j.chempr.2019.04.021
2023-06-26 16:08:30,124 - elsapy.elsclient - INFO - Sending GET request to https://api.elsevier.com/content/abstract/doi/10.1016/j.chempr.2019.04.021
2023-06-26 16:08:30,480 - elsapy.elsentity - INFO - Data loaded for https://api.elsevier.com/content/abstract/doi/10.1016/j.chempr.2019.04.021
2023-06-26 16:10:02,107 - elsapy.elsentity - INFO - Module loaded.
2023-06-26 16:10:02,107 - elsapy.elsdoc - INFO - Module loaded.
2023-06-26 16:10:02,108 - elsapy.elsclient - INFO - Module loaded.
2023-06-26 16:10:03,108 - elsapy.elsclient - INFO - Sending GET request to https://api.elsevier.com/content/abstract/doi/10.1016/j.chempr.2019.04.021
2023-06-26 16:10:03,600 - elsapy.elsentity - INFO - Data loaded for https://api.elsevier.com/content/abstract/doi/10.1016/j.chempr.2019.04.021
2023-06-26 16:10:04,604 - elsapy.elsclient - INFO - Sending GET request to https://api.elsevier.com/content/abstract/doi/10.1016/j.chempr.2019.04.021
2023-06-26 16:10:05,057 - elsapy.elsentity - INFO - Data loaded for https://api.elsevier.com/content/abstract/doi/10.1016/j.chempr.2019.04.021
2023-06-26 16:15:23,555 - elsapy.elsentity - INFO - Module loaded.
2023-06-26 16:15:23,557 - elsapy.elsdoc - INFO - Module loaded.
2023-06-26 16:15:23,557 - elsapy.elsclient - INFO - Module loaded.
2023-06-26 16:15:24,560 - elsapy.elsclient - INFO - Sending GET request to https://api.elsevier.com/content/abstract/doi/10.1016/j.chempr.2019.04.021
2023-06-26 16:15:25,838 - elsapy.elsentity - INFO - Data loaded for https://api.elsevier.com/content/abstract/doi/10.1016/j.chempr.2019.04.021
2023-06-26 16:15:26,839 - elsapy.elsclient - INFO - Sending GET request to https://api.elsevier.com/content/abstract/doi/10.1016/j.chempr.2019.04.021
2023-06-26 16:15:28,422 - elsapy.elsentity - INFO - Data loaded for https://api.elsevier.com/content/abstract/doi/10.1016/j.chempr.2019.04.021
2023-06-26 16:19:59,822 - elsapy.elsentity - INFO - Module loaded.
2023-06-26 16:19:59,824 - elsapy.elsdoc - INFO - Module loaded.
2023-06-26 16:19:59,824 - elsapy.elsclient - INFO - Module loaded.
2023-06-26 16:20:00,837 - elsapy.elsclient - INFO - Sending GET request to https://api.elsevier.com/content/abstract/doi/10.1016/j.chempr.2019.04.021
2023-06-26 16:20:01,445 - elsapy.elsentity - INFO - Data loaded for https://api.elsevier.com/content/abstract/doi/10.1016/j.chempr.2019.04.021
2023-06-26 16:20:02,446 - elsapy.elsclient - INFO - Sending GET request to https://api.elsevier.com/content/abstract/doi/10.1016/j.chempr.2019.04.021
2023-06-26 16:20:03,490 - elsapy.elsentity - INFO - Data loaded for https://api.elsevier.com/content/abstract/doi/10.1016/j.chempr.2019.04.021
2023-06-26 16:23:05,456 - elsapy.elsentity - INFO - Module loaded.
2023-06-26 16:23:05,456 - elsapy.elsdoc - INFO - Module loaded.
2023-06-26 16:23:05,457 - elsapy.elsclient - INFO - Module loaded.
2023-06-26 16:23:06,458 - elsapy.elsclient - INFO - Sending GET request to https://api.elsevier.com/content/abstract/doi/10.1016/j.chempr.2019.04.021
2023-06-26 16:23:09,455 - elsapy.elsentity - INFO - Data loaded for https://api.elsevier.com/content/abstract/doi/10.1016/j.chempr.2019.04.021
2023-06-26 16:23:10,455 - elsapy.elsclient - INFO - Sending GET request to https://api.elsevier.com/content/abstract/doi/10.1016/j.chempr.2019.04.021
2023-06-26 16:23:14,288 - elsapy.elsentity - INFO - Data loaded for https://api.elsevier.com/content/abstract/doi/10.1016/j.chempr.2019.04.021
2023-06-26 16:23:39,009 - elsapy.elsentity - INFO - Module loaded.
2023-06-26 16:23:39,010 - elsapy.elsdoc - INFO - Module loaded.
2023-06-26 16:23:39,010 - elsapy.elsclient - INFO - Module loaded.
2023-06-26 16:23:40,014 - elsapy.elsclient - INFO - Sending GET request to https://api.elsevier.com/content/abstract/doi/10.1016/j.chempr.2019.04.021
2023-06-26 16:23:40,612 - elsapy.elsentity - INFO - Data loaded for https://api.elsevier.com/content/abstract/doi/10.1016/j.chempr.2019.04.021
2023-06-26 16:23:41,610 - elsapy.elsclient - INFO - Sending GET request to https://api.elsevier.com/content/abstract/doi/10.1016/j.chempr.2019.04.021
2023-06-26 16:23:41,926 - elsapy.elsentity - INFO - Data loaded for https://api.elsevier.com/content/abstract/doi/10.1016/j.chempr.2019.04.021
2023-06-26 16:23:58,798 - elsapy.elsentity - INFO - Module loaded.
2023-06-26 16:23:58,799 - elsapy.elsdoc - INFO - Module loaded.
2023-06-26 16:23:58,800 - elsapy.elsclient - INFO - Module loaded.
2023-06-26 16:23:59,802 - elsapy.elsclient - INFO - Sending GET request to https://api.elsevier.com/content/abstract/doi/10.1016/j.chempr.2019.04.021
2023-06-26 16:24:00,434 - elsapy.elsentity - INFO - Data loaded for https://api.elsevier.com/content/abstract/doi/10.1016/j.chempr.2019.04.021
2023-06-26 16:24:01,434 - elsapy.elsclient - INFO - Sending GET request to https://api.elsevier.com/content/abstract/doi/10.1016/j.chempr.2019.04.021
2023-06-26 16:24:01,810 - elsapy.elsentity - INFO - Data loaded for https://api.elsevier.com/content/abstract/doi/10.1016/j.chempr.2019.04.021
2023-06-26 16:29:43,310 - elsapy.elsentity - INFO - Module loaded.
2023-06-26 16:29:43,311 - elsapy.elsdoc - INFO - Module loaded.
2023-06-26 16:29:43,313 - elsapy.elsclient - INFO - Module loaded.
2023-06-26 16:29:44,314 - elsapy.elsclient - INFO - Sending GET request to https://api.elsevier.com/content/abstract/doi/10.1016/j.chempr.2019.04.021
2023-06-26 16:29:44,803 - elsapy.elsentity - INFO - Data loaded for https://api.elsevier.com/content/abstract/doi/10.1016/j.chempr.2019.04.021
2023-06-26 16:29:45,802 - elsapy.elsclient - INFO - Sending GET request to https://api.elsevier.com/content/abstract/doi/10.1016/j.chempr.2019.04.021
2023-06-26 16:29:46,297 - elsapy.elsentity - INFO - Data loaded for https://api.elsevier.com/content/abstract/doi/10.1016/j.chempr.2019.04.021
2023-06-26 16:30:13,993 - elsapy.elsentity - INFO - Module loaded.
2023-06-26 16:30:13,993 - elsapy.elsdoc - INFO - Module loaded.
2023-06-26 16:30:13,994 - elsapy.elsclient - INFO - Module loaded.
2023-06-26 16:30:15,000 - elsapy.elsclient - INFO - Sending GET request to https://api.elsevier.com/content/abstract/doi/10.1016/j.chempr.2019.04.021
2023-06-26 16:30:15,361 - elsapy.elsentity - INFO - Data loaded for https://api.elsevier.com/content/abstract/doi/10.1016/j.chempr.2019.04.021
2023-06-26 16:30:16,362 - elsapy.elsclient - INFO - Sending GET request to https://api.elsevier.com/content/abstract/doi/10.1016/j.chempr.2019.04.021
2023-06-26 16:30:16,705 - elsapy.elsentity - INFO - Data loaded for https://api.elsevier.com/content/abstract/doi/10.1016/j.chempr.2019.04.021
2023-06-26 16:30:43,406 - elsapy.elsentity - INFO - Module loaded.
2023-06-26 16:30:43,407 - elsapy.elsdoc - INFO - Module loaded.
2023-06-26 16:30:43,407 - elsapy.elsclient - INFO - Module loaded.
2023-06-26 16:30:44,408 - elsapy.elsclient - INFO - Sending GET request to https://api.elsevier.com/content/abstract/doi/10.1016/j.chempr.2019.04.021
2023-06-26 16:30:44,889 - elsapy.elsentity - INFO - Data loaded for https://api.elsevier.com/content/abstract/doi/10.1016/j.chempr.2019.04.021
2023-06-26 16:30:45,887 - elsapy.elsclient - INFO - Sending GET request to https://api.elsevier.com/content/abstract/doi/10.1016/j.chempr.2019.04.021
2023-06-26 16:30:46,282 - elsapy.elsentity - INFO - Data loaded for https://api.elsevier.com/content/abstract/doi/10.1016/j.chempr.2019.04.021
2023-06-26 16:30:52,793 - elsapy.elsentity - INFO - Module loaded.
2023-06-26 16:30:52,794 - elsapy.elsdoc - INFO - Module loaded.
2023-06-26 16:30:52,794 - elsapy.elsclient - INFO - Module loaded.
2023-06-26 16:30:53,795 - elsapy.elsclient - INFO - Sending GET request to https://api.elsevier.com/content/abstract/doi/10.1016/j.chempr.2019.04.021
2023-06-26 16:30:55,026 - elsapy.elsentity - INFO - Data loaded for https://api.elsevier.com/content/abstract/doi/10.1016/j.chempr.2019.04.021
2023-06-26 16:30:56,028 - elsapy.elsclient - INFO - Sending GET request to https://api.elsevier.com/content/abstract/doi/10.1016/j.chempr.2019.04.021
2023-06-26 16:30:56,431 - elsapy.elsentity - INFO - Data loaded for https://api.elsevier.com/content/abstract/doi/10.1016/j.chempr.2019.04.021
